<?xml version="1.0" encoding="UTF-8"?>
<robot generator="Robot 7.0.1 (Python 3.12.5 on win32)" generated="2024-09-02T23:30:57.289514" rpa="false" schemaversion="5">
<suite id="s1" name="Login Test" source="C:\Users\MadheshwaranG\New_Test_Repo\Login_Test.robot">
<test id="s1-t1" name="Login Test" line="6">
<kw name="Open Browser" owner="SeleniumLibrary">
<msg time="2024-09-02T23:30:57.892903" level="INFO">Opening browser 'chrome' to base url 'https://www.saucedemo.com'.</msg>
<msg time="2024-09-02T23:30:59.306735" level="WARN">The chromedriver version (127.0.6533.119) detected in PATH at C:\Users\MadheshwaranG\.jenkins\tools\chromedriver\chromedriver.exe might not be compatible with the detected chrome version (128.0.6613.115); currently, chromedriver 128.0.6613.119 is recommended for chrome 128.*, so it is advised to delete the driver in PATH and retry</msg>
<arg>https://www.saucedemo.com</arg>
<arg>chrome</arg>
<arg>options=add_argument("--incognito")</arg>
<doc>Opens a new browser instance to the optional ``url``.</doc>
<status status="PASS" start="2024-09-02T23:30:57.892903" elapsed="4.231184"/>
</kw>
<kw name="Maximize Browser Window" owner="SeleniumLibrary">
<doc>Maximizes current browser window.</doc>
<status status="PASS" start="2024-09-02T23:31:02.124087" elapsed="0.067141"/>
</kw>
<kw name="Input Text" owner="SeleniumLibrary">
<msg time="2024-09-02T23:31:02.191228" level="INFO">Typing text 'standard_user' into text field 'id:user-name'.</msg>
<arg>id:user-name</arg>
<arg>standard_user</arg>
<doc>Types the given ``text`` into the text field identified by ``locator``.</doc>
<status status="PASS" start="2024-09-02T23:31:02.191228" elapsed="0.315724"/>
</kw>
<kw name="Input Password" owner="SeleniumLibrary">
<msg time="2024-09-02T23:31:02.506952" level="INFO">Typing password into text field 'id:password'.</msg>
<msg time="2024-09-02T23:31:02.607967" level="INFO">Temporally setting log level to: NONE</msg>
<arg>id:password</arg>
<arg>secret_sauce</arg>
<doc>Types the given password into the text field identified by ``locator``.</doc>
<status status="PASS" start="2024-09-02T23:31:02.506952" elapsed="0.239038"/>
</kw>
<kw name="Click Element" owner="SeleniumLibrary">
<msg time="2024-09-02T23:31:02.745990" level="INFO">Clicking element '//*[@id="login-button"]'.</msg>
<arg>//*[@id="login-button"]</arg>
<doc>Click the element identified by ``locator``.</doc>
<status status="PASS" start="2024-09-02T23:31:02.745990" elapsed="0.179102"/>
</kw>
<kw name="Close Browser" owner="SeleniumLibrary">
<doc>Closes the current browser.</doc>
<status status="PASS" start="2024-09-02T23:31:02.925092" elapsed="2.318926"/>
</kw>
<status status="PASS" start="2024-09-02T23:30:57.892903" elapsed="7.351115"/>
</test>
<status status="PASS" start="2024-09-02T23:30:57.289514" elapsed="7.954504"/>
</suite>
<statistics>
<total>
<stat pass="1" fail="0" skip="0">All Tests</stat>
</total>
<tag>
</tag>
<suite>
<stat pass="1" fail="0" skip="0" id="s1" name="Login Test">Login Test</stat>
</suite>
</statistics>
<errors>
<msg time="2024-09-02T23:30:59.306735" level="WARN">The chromedriver version (127.0.6533.119) detected in PATH at C:\Users\MadheshwaranG\.jenkins\tools\chromedriver\chromedriver.exe might not be compatible with the detected chrome version (128.0.6613.115); currently, chromedriver 128.0.6613.119 is recommended for chrome 128.*, so it is advised to delete the driver in PATH and retry</msg>
</errors>
</robot>
